25-11-05.21:00:04.265 [main            ] INFO  IIndexGroupBuyMarketServiceTest - Starting IIndexGroupBuyMarketServiceTest using Java 1.8.0_391 on LAPTOP-7PVP3HH3 with PID 284 (started by ASUS in F:\group-buy-trade-platform\group-buy-trade-platform-app)
25-11-05.21:00:04.266 [main            ] INFO  IIndexGroupBuyMarketServiceTest - The following 1 profile is active: "dev"
25-11-05.21:00:06.414 [main            ] INFO  IIndexGroupBuyMarketServiceTest - Started IIndexGroupBuyMarketServiceTest in 2.537 seconds (JVM running for 3.354)
25-11-05.21:00:06.690 [pool-2-thread-1 ] INFO  HikariDataSource       - HikariPool-1 - Starting...
25-11-05.21:02:00.344 [main            ] INFO  IIndexGroupBuyMarketServiceTest - Starting IIndexGroupBuyMarketServiceTest using Java 1.8.0_391 on LAPTOP-7PVP3HH3 with PID 36112 (started by ASUS in F:\group-buy-trade-platform\group-buy-trade-platform-app)
25-11-05.21:02:00.344 [main            ] INFO  IIndexGroupBuyMarketServiceTest - The following 1 profile is active: "dev"
25-11-05.21:02:02.193 [main            ] INFO  IIndexGroupBuyMarketServiceTest - Started IIndexGroupBuyMarketServiceTest in 2.254 seconds (JVM running for 3.0)
25-11-05.21:02:02.375 [pool-2-thread-2 ] INFO  HikariDataSource       - HikariPool-1 - Starting...
25-11-05.21:04:45.995 [main            ] INFO  IIndexGroupBuyMarketServiceTest - Starting IIndexGroupBuyMarketServiceTest using Java 1.8.0_391 on LAPTOP-7PVP3HH3 with PID 25488 (started by ASUS in F:\group-buy-trade-platform\group-buy-trade-platform-app)
25-11-05.21:04:45.997 [main            ] INFO  IIndexGroupBuyMarketServiceTest - The following 1 profile is active: "dev"
25-11-05.21:04:48.032 [main            ] INFO  IIndexGroupBuyMarketServiceTest - Started IIndexGroupBuyMarketServiceTest in 2.417 seconds (JVM running for 3.136)
25-11-05.21:04:48.200 [pool-2-thread-1 ] INFO  HikariDataSource       - HikariPool-1 - Starting...
25-11-05.21:06:01.602 [main            ] INFO  IIndexGroupBuyMarketServiceTest - Starting IIndexGroupBuyMarketServiceTest using Java 1.8.0_391 on LAPTOP-7PVP3HH3 with PID 12028 (started by ASUS in F:\group-buy-trade-platform\group-buy-trade-platform-app)
25-11-05.21:06:01.603 [main            ] INFO  IIndexGroupBuyMarketServiceTest - The following 1 profile is active: "dev"
25-11-05.21:06:03.383 [main            ] INFO  IIndexGroupBuyMarketServiceTest - Started IIndexGroupBuyMarketServiceTest in 2.17 seconds (JVM running for 2.861)
25-11-05.21:06:03.563 [pool-2-thread-1 ] INFO  HikariDataSource       - HikariPool-1 - Starting...
25-11-05.21:06:04.361 [pool-2-thread-1 ] INFO  HikariDataSource       - HikariPool-1 - Start completed.
25-11-05.21:06:04.612 [main            ] INFO  IIndexGroupBuyMarketServiceTest - 请求参数: {"channel":"c01","goodsId":"9890001","source":"s01","userId":"Tinuvile"}
25-11-05.21:06:04.618 [main            ] INFO  IIndexGroupBuyMarketServiceTest - 返回结果: {"deductionPrice":0.00,"endTime":1733537980000,"goodsId":"9890001","goodsName":"《手写MyBatis：渐进式源码实践》","isEnable":false,"isVisible":false,"originalPrice":100.00,"startTime":1733537980000,"targetCount":1}
25-11-05.21:06:04.626 [SpringApplicationShutdownHook] INFO  HikariDataSource       - HikariPool-1 - Shutdown initiated...
25-11-05.21:06:04.640 [SpringApplicationShutdownHook] INFO  HikariDataSource       - HikariPool-1 - Shutdown completed.
25-11-05.21:57:53.596 [main            ] INFO  IIndexGroupBuyMarketServiceTest - Starting IIndexGroupBuyMarketServiceTest using Java 1.8.0_391 on LAPTOP-7PVP3HH3 with PID 35204 (started by ASUS in F:\group-buy-trade-platform\group-buy-trade-platform-app)
25-11-05.21:57:53.597 [main            ] INFO  IIndexGroupBuyMarketServiceTest - The following 1 profile is active: "dev"
25-11-05.21:57:55.241 [main            ] INFO  IIndexGroupBuyMarketServiceTest - Started IIndexGroupBuyMarketServiceTest in 2.015 seconds (JVM running for 2.761)
25-11-05.21:57:55.418 [pool-2-thread-1 ] INFO  HikariDataSource       - HikariPool-1 - Starting...
25-11-05.21:57:56.093 [pool-2-thread-1 ] INFO  HikariDataSource       - HikariPool-1 - Start completed.
25-11-05.21:57:56.139 [main            ] INFO  MarketNode             - 拼团商品查询试算服务-MarketNode userId:Tinuvile requestParameter:MarketProductEntity(userId=Tinuvile, goodsId=9890001, source=s01, channel=c01)
25-11-05.21:57:56.257 [main            ] INFO  MarketNode             - 不存在ZJ类型的折扣计算服务，支持类型为["MJCalculateService","NCCalculateService","ZJCalculateService","ZKCalculateService"]
25-11-05.21:57:56.274 [SpringApplicationShutdownHook] INFO  HikariDataSource       - HikariPool-1 - Shutdown initiated...
25-11-05.21:57:56.282 [SpringApplicationShutdownHook] INFO  HikariDataSource       - HikariPool-1 - Shutdown completed.
25-11-05.22:04:30.847 [main            ] INFO  IIndexGroupBuyMarketServiceTest - Starting IIndexGroupBuyMarketServiceTest using Java 1.8.0_391 on LAPTOP-7PVP3HH3 with PID 8764 (started by ASUS in F:\group-buy-trade-platform\group-buy-trade-platform-app)
25-11-05.22:04:30.848 [main            ] INFO  IIndexGroupBuyMarketServiceTest - The following 1 profile is active: "dev"
25-11-05.22:04:32.509 [main            ] INFO  IIndexGroupBuyMarketServiceTest - Started IIndexGroupBuyMarketServiceTest in 2.02 seconds (JVM running for 2.708)
25-11-05.22:04:32.686 [pool-2-thread-1 ] INFO  HikariDataSource       - HikariPool-1 - Starting...
25-11-05.22:04:33.362 [pool-2-thread-1 ] INFO  HikariDataSource       - HikariPool-1 - Start completed.
25-11-05.22:04:33.404 [main            ] INFO  MarketNode             - 拼团商品查询试算服务-MarketNode userId:Tinuvile requestParameter:MarketProductEntity(userId=Tinuvile, goodsId=9890001, source=s01, channel=c01)
25-11-05.22:04:33.405 [main            ] INFO  ZJCalculateService     - 优惠策略折扣计算：0
25-11-05.22:04:33.553 [main            ] INFO  IIndexGroupBuyMarketServiceTest - 请求参数: {"channel":"c01","goodsId":"9890001","source":"s01","userId":"Tinuvile"}
25-11-05.22:04:33.559 [main            ] INFO  IIndexGroupBuyMarketServiceTest - 返回结果: {"deductionPrice":0.00,"endTime":1733537980000,"goodsId":"9890001","goodsName":"《手写MyBatis：渐进式源码实践》","isEnable":false,"isVisible":false,"originalPrice":100.00,"startTime":1733537980000,"targetCount":1}
25-11-05.22:04:33.568 [SpringApplicationShutdownHook] INFO  HikariDataSource       - HikariPool-1 - Shutdown initiated...
25-11-05.22:04:33.576 [SpringApplicationShutdownHook] INFO  HikariDataSource       - HikariPool-1 - Shutdown completed.
